INFO - 2024-10-21 00:26:22 --> Session: Class initialized using 'CodeIgniter\Session\Handlers\FileHandler' driver.
WARNING - 2024-10-21 00:26:22 --> [DEPRECATED] Creation of dynamic property App\Controllers\BackendController::$Auth is deprecated in APPPATH/Controllers/BackendController.php on line 18.
 1 SYSTEMPATH/CodeIgniter.php(903): App\Controllers\BackendController->__construct()
 2 SYSTEMPATH/CodeIgniter.php(500): CodeIgniter\CodeIgniter->createController()
 3 SYSTEMPATH/CodeIgniter.php(355): CodeIgniter\CodeIgniter->handleRequest(null, Object(Config\Cache), false)
 4 SYSTEMPATH/Boot.php(325): CodeIgniter\CodeIgniter->run()
 5 SYSTEMPATH/Boot.php(67): CodeIgniter\Boot::runCodeIgniter(Object(CodeIgniter\CodeIgniter))
 6 FCPATH/index.php(55): CodeIgniter\Boot::bootWeb(Object(Config\Paths))
INFO - 2024-10-21 21:32:14 --> Session: Class initialized using 'CodeIgniter\Session\Handlers\FileHandler' driver.
WARNING - 2024-10-21 21:32:15 --> [DEPRECATED] Creation of dynamic property App\Controllers\BackendController::$Auth is deprecated in APPPATH/Controllers/BackendController.php on line 18.
 1 SYSTEMPATH/CodeIgniter.php(903): App\Controllers\BackendController->__construct()
 2 SYSTEMPATH/CodeIgniter.php(500): CodeIgniter\CodeIgniter->createController()
 3 SYSTEMPATH/CodeIgniter.php(355): CodeIgniter\CodeIgniter->handleRequest(null, Object(Config\Cache), false)
 4 SYSTEMPATH/Boot.php(325): CodeIgniter\CodeIgniter->run()
 5 SYSTEMPATH/Boot.php(67): CodeIgniter\Boot::runCodeIgniter(Object(CodeIgniter\CodeIgniter))
 6 FCPATH/index.php(55): CodeIgniter\Boot::bootWeb(Object(Config\Paths))
INFO - 2024-10-21 22:15:33 --> Session: Class initialized using 'CodeIgniter\Session\Handlers\FileHandler' driver.
WARNING - 2024-10-21 22:15:33 --> [DEPRECATED] Creation of dynamic property App\Controllers\BackendController::$Auth is deprecated in APPPATH/Controllers/BackendController.php on line 18.
 1 SYSTEMPATH/CodeIgniter.php(903): App\Controllers\BackendController->__construct()
 2 SYSTEMPATH/CodeIgniter.php(500): CodeIgniter\CodeIgniter->createController()
 3 SYSTEMPATH/CodeIgniter.php(355): CodeIgniter\CodeIgniter->handleRequest(null, Object(Config\Cache), false)
 4 SYSTEMPATH/Boot.php(325): CodeIgniter\CodeIgniter->run()
 5 SYSTEMPATH/Boot.php(67): CodeIgniter\Boot::runCodeIgniter(Object(CodeIgniter\CodeIgniter))
 6 FCPATH/index.php(55): CodeIgniter\Boot::bootWeb(Object(Config\Paths))
INFO - 2024-10-21 22:15:35 --> Session: Class initialized using 'CodeIgniter\Session\Handlers\FileHandler' driver.
WARNING - 2024-10-21 22:15:35 --> [DEPRECATED] Creation of dynamic property App\Controllers\BackendController::$Auth is deprecated in APPPATH/Controllers/BackendController.php on line 18.
 1 SYSTEMPATH/CodeIgniter.php(903): App\Controllers\BackendController->__construct()
 2 SYSTEMPATH/CodeIgniter.php(500): CodeIgniter\CodeIgniter->createController()
 3 SYSTEMPATH/CodeIgniter.php(355): CodeIgniter\CodeIgniter->handleRequest(null, Object(Config\Cache), false)
 4 SYSTEMPATH/Boot.php(325): CodeIgniter\CodeIgniter->run()
 5 SYSTEMPATH/Boot.php(67): CodeIgniter\Boot::runCodeIgniter(Object(CodeIgniter\CodeIgniter))
 6 FCPATH/index.php(55): CodeIgniter\Boot::bootWeb(Object(Config\Paths))
INFO - 2024-10-21 22:15:36 --> Session: Class initialized using 'CodeIgniter\Session\Handlers\FileHandler' driver.
WARNING - 2024-10-21 22:15:36 --> [DEPRECATED] Creation of dynamic property App\Controllers\BackendController::$Auth is deprecated in APPPATH/Controllers/BackendController.php on line 18.
 1 SYSTEMPATH/CodeIgniter.php(903): App\Controllers\BackendController->__construct()
 2 SYSTEMPATH/CodeIgniter.php(500): CodeIgniter\CodeIgniter->createController()
 3 SYSTEMPATH/CodeIgniter.php(355): CodeIgniter\CodeIgniter->handleRequest(null, Object(Config\Cache), false)
 4 SYSTEMPATH/Boot.php(325): CodeIgniter\CodeIgniter->run()
 5 SYSTEMPATH/Boot.php(67): CodeIgniter\Boot::runCodeIgniter(Object(CodeIgniter\CodeIgniter))
 6 FCPATH/index.php(55): CodeIgniter\Boot::bootWeb(Object(Config\Paths))
INFO - 2024-10-21 22:15:36 --> Session: Class initialized using 'CodeIgniter\Session\Handlers\FileHandler' driver.
WARNING - 2024-10-21 22:15:36 --> [DEPRECATED] Creation of dynamic property App\Controllers\BackendController::$Auth is deprecated in APPPATH/Controllers/BackendController.php on line 18.
 1 SYSTEMPATH/CodeIgniter.php(903): App\Controllers\BackendController->__construct()
 2 SYSTEMPATH/CodeIgniter.php(500): CodeIgniter\CodeIgniter->createController()
 3 SYSTEMPATH/CodeIgniter.php(355): CodeIgniter\CodeIgniter->handleRequest(null, Object(Config\Cache), false)
 4 SYSTEMPATH/Boot.php(325): CodeIgniter\CodeIgniter->run()
 5 SYSTEMPATH/Boot.php(67): CodeIgniter\Boot::runCodeIgniter(Object(CodeIgniter\CodeIgniter))
 6 FCPATH/index.php(55): CodeIgniter\Boot::bootWeb(Object(Config\Paths))
INFO - 2024-10-21 22:15:37 --> Session: Class initialized using 'CodeIgniter\Session\Handlers\FileHandler' driver.
WARNING - 2024-10-21 22:15:37 --> [DEPRECATED] Creation of dynamic property App\Controllers\BackendController::$Auth is deprecated in APPPATH/Controllers/BackendController.php on line 18.
 1 SYSTEMPATH/CodeIgniter.php(903): App\Controllers\BackendController->__construct()
 2 SYSTEMPATH/CodeIgniter.php(500): CodeIgniter\CodeIgniter->createController()
 3 SYSTEMPATH/CodeIgniter.php(355): CodeIgniter\CodeIgniter->handleRequest(null, Object(Config\Cache), false)
 4 SYSTEMPATH/Boot.php(325): CodeIgniter\CodeIgniter->run()
 5 SYSTEMPATH/Boot.php(67): CodeIgniter\Boot::runCodeIgniter(Object(CodeIgniter\CodeIgniter))
 6 FCPATH/index.php(55): CodeIgniter\Boot::bootWeb(Object(Config\Paths))
INFO - 2024-10-21 22:15:37 --> Session: Class initialized using 'CodeIgniter\Session\Handlers\FileHandler' driver.
WARNING - 2024-10-21 22:15:37 --> [DEPRECATED] Creation of dynamic property App\Controllers\BackendController::$Auth is deprecated in APPPATH/Controllers/BackendController.php on line 18.
 1 SYSTEMPATH/CodeIgniter.php(903): App\Controllers\BackendController->__construct()
 2 SYSTEMPATH/CodeIgniter.php(500): CodeIgniter\CodeIgniter->createController()
 3 SYSTEMPATH/CodeIgniter.php(355): CodeIgniter\CodeIgniter->handleRequest(null, Object(Config\Cache), false)
 4 SYSTEMPATH/Boot.php(325): CodeIgniter\CodeIgniter->run()
 5 SYSTEMPATH/Boot.php(67): CodeIgniter\Boot::runCodeIgniter(Object(CodeIgniter\CodeIgniter))
 6 FCPATH/index.php(55): CodeIgniter\Boot::bootWeb(Object(Config\Paths))
INFO - 2024-10-21 22:20:48 --> Session: Class initialized using 'CodeIgniter\Session\Handlers\FileHandler' driver.
WARNING - 2024-10-21 22:20:48 --> [DEPRECATED] Creation of dynamic property App\Controllers\BackendController::$Auth is deprecated in APPPATH/Controllers/BackendController.php on line 18.
 1 SYSTEMPATH/CodeIgniter.php(903): App\Controllers\BackendController->__construct()
 2 SYSTEMPATH/CodeIgniter.php(500): CodeIgniter\CodeIgniter->createController()
 3 SYSTEMPATH/CodeIgniter.php(355): CodeIgniter\CodeIgniter->handleRequest(null, Object(Config\Cache), false)
 4 SYSTEMPATH/Boot.php(325): CodeIgniter\CodeIgniter->run()
 5 SYSTEMPATH/Boot.php(67): CodeIgniter\Boot::runCodeIgniter(Object(CodeIgniter\CodeIgniter))
 6 FCPATH/index.php(55): CodeIgniter\Boot::bootWeb(Object(Config\Paths))
INFO - 2024-10-21 22:20:50 --> Session: Class initialized using 'CodeIgniter\Session\Handlers\FileHandler' driver.
WARNING - 2024-10-21 22:20:50 --> [DEPRECATED] Creation of dynamic property App\Controllers\BackendController::$Auth is deprecated in APPPATH/Controllers/BackendController.php on line 18.
 1 SYSTEMPATH/CodeIgniter.php(903): App\Controllers\BackendController->__construct()
 2 SYSTEMPATH/CodeIgniter.php(500): CodeIgniter\CodeIgniter->createController()
 3 SYSTEMPATH/CodeIgniter.php(355): CodeIgniter\CodeIgniter->handleRequest(null, Object(Config\Cache), false)
 4 SYSTEMPATH/Boot.php(325): CodeIgniter\CodeIgniter->run()
 5 SYSTEMPATH/Boot.php(67): CodeIgniter\Boot::runCodeIgniter(Object(CodeIgniter\CodeIgniter))
 6 FCPATH/index.php(55): CodeIgniter\Boot::bootWeb(Object(Config\Paths))
INFO - 2024-10-21 22:20:50 --> Session: Class initialized using 'CodeIgniter\Session\Handlers\FileHandler' driver.
WARNING - 2024-10-21 22:20:50 --> [DEPRECATED] Creation of dynamic property App\Controllers\BackendController::$Auth is deprecated in APPPATH/Controllers/BackendController.php on line 18.
 1 SYSTEMPATH/CodeIgniter.php(903): App\Controllers\BackendController->__construct()
 2 SYSTEMPATH/CodeIgniter.php(500): CodeIgniter\CodeIgniter->createController()
 3 SYSTEMPATH/CodeIgniter.php(355): CodeIgniter\CodeIgniter->handleRequest(null, Object(Config\Cache), false)
 4 SYSTEMPATH/Boot.php(325): CodeIgniter\CodeIgniter->run()
 5 SYSTEMPATH/Boot.php(67): CodeIgniter\Boot::runCodeIgniter(Object(CodeIgniter\CodeIgniter))
 6 FCPATH/index.php(55): CodeIgniter\Boot::bootWeb(Object(Config\Paths))
INFO - 2024-10-21 22:20:51 --> Session: Class initialized using 'CodeIgniter\Session\Handlers\FileHandler' driver.
WARNING - 2024-10-21 22:20:51 --> [DEPRECATED] Creation of dynamic property App\Controllers\BackendController::$Auth is deprecated in APPPATH/Controllers/BackendController.php on line 18.
 1 SYSTEMPATH/CodeIgniter.php(903): App\Controllers\BackendController->__construct()
 2 SYSTEMPATH/CodeIgniter.php(500): CodeIgniter\CodeIgniter->createController()
 3 SYSTEMPATH/CodeIgniter.php(355): CodeIgniter\CodeIgniter->handleRequest(null, Object(Config\Cache), false)
 4 SYSTEMPATH/Boot.php(325): CodeIgniter\CodeIgniter->run()
 5 SYSTEMPATH/Boot.php(67): CodeIgniter\Boot::runCodeIgniter(Object(CodeIgniter\CodeIgniter))
 6 FCPATH/index.php(55): CodeIgniter\Boot::bootWeb(Object(Config\Paths))
INFO - 2024-10-21 22:20:51 --> Session: Class initialized using 'CodeIgniter\Session\Handlers\FileHandler' driver.
WARNING - 2024-10-21 22:20:51 --> [DEPRECATED] Creation of dynamic property App\Controllers\BackendController::$Auth is deprecated in APPPATH/Controllers/BackendController.php on line 18.
 1 SYSTEMPATH/CodeIgniter.php(903): App\Controllers\BackendController->__construct()
 2 SYSTEMPATH/CodeIgniter.php(500): CodeIgniter\CodeIgniter->createController()
 3 SYSTEMPATH/CodeIgniter.php(355): CodeIgniter\CodeIgniter->handleRequest(null, Object(Config\Cache), false)
 4 SYSTEMPATH/Boot.php(325): CodeIgniter\CodeIgniter->run()
 5 SYSTEMPATH/Boot.php(67): CodeIgniter\Boot::runCodeIgniter(Object(CodeIgniter\CodeIgniter))
 6 FCPATH/index.php(55): CodeIgniter\Boot::bootWeb(Object(Config\Paths))
INFO - 2024-10-21 22:20:51 --> Session: Class initialized using 'CodeIgniter\Session\Handlers\FileHandler' driver.
WARNING - 2024-10-21 22:20:51 --> [DEPRECATED] Creation of dynamic property App\Controllers\BackendController::$Auth is deprecated in APPPATH/Controllers/BackendController.php on line 18.
 1 SYSTEMPATH/CodeIgniter.php(903): App\Controllers\BackendController->__construct()
 2 SYSTEMPATH/CodeIgniter.php(500): CodeIgniter\CodeIgniter->createController()
 3 SYSTEMPATH/CodeIgniter.php(355): CodeIgniter\CodeIgniter->handleRequest(null, Object(Config\Cache), false)
 4 SYSTEMPATH/Boot.php(325): CodeIgniter\CodeIgniter->run()
 5 SYSTEMPATH/Boot.php(67): CodeIgniter\Boot::runCodeIgniter(Object(CodeIgniter\CodeIgniter))
 6 FCPATH/index.php(55): CodeIgniter\Boot::bootWeb(Object(Config\Paths))
CRITICAL - 2024-10-21 22:21:25 --> ParseError: syntax error, unexpected token "<", expecting end of file
[Method: GET, Route: node_nale/backend/login]
in APPPATH/Config/Routes.php on line 32.
 1 SYSTEMPATH/CodeIgniter.php(823): CodeIgniter\Router\RouteCollection->loadRoutes()
 2 SYSTEMPATH/CodeIgniter.php(457): CodeIgniter\CodeIgniter->tryToRouteIt(null)
 3 SYSTEMPATH/CodeIgniter.php(355): CodeIgniter\CodeIgniter->handleRequest(null, Object(Config\Cache), false)
 4 SYSTEMPATH/Boot.php(325): CodeIgniter\CodeIgniter->run()
 5 SYSTEMPATH/Boot.php(67): CodeIgniter\Boot::runCodeIgniter(Object(CodeIgniter\CodeIgniter))
 6 FCPATH/index.php(55): CodeIgniter\Boot::bootWeb(Object(Config\Paths))
CRITICAL - 2024-10-21 22:21:36 --> ParseError: syntax error, unexpected token "<", expecting end of file
[Method: GET, Route: node_nale/backend/login]
in APPPATH/Config/Routes.php on line 32.
 1 SYSTEMPATH/CodeIgniter.php(823): CodeIgniter\Router\RouteCollection->loadRoutes()
 2 SYSTEMPATH/CodeIgniter.php(457): CodeIgniter\CodeIgniter->tryToRouteIt(null)
 3 SYSTEMPATH/CodeIgniter.php(355): CodeIgniter\CodeIgniter->handleRequest(null, Object(Config\Cache), false)
 4 SYSTEMPATH/Boot.php(325): CodeIgniter\CodeIgniter->run()
 5 SYSTEMPATH/Boot.php(67): CodeIgniter\Boot::runCodeIgniter(Object(CodeIgniter\CodeIgniter))
 6 FCPATH/index.php(55): CodeIgniter\Boot::bootWeb(Object(Config\Paths))
CRITICAL - 2024-10-21 22:21:38 --> ParseError: syntax error, unexpected token "<", expecting end of file
[Method: GET, Route: node_nale/backend/login]
in APPPATH/Config/Routes.php on line 32.
 1 SYSTEMPATH/CodeIgniter.php(823): CodeIgniter\Router\RouteCollection->loadRoutes()
 2 SYSTEMPATH/CodeIgniter.php(457): CodeIgniter\CodeIgniter->tryToRouteIt(null)
 3 SYSTEMPATH/CodeIgniter.php(355): CodeIgniter\CodeIgniter->handleRequest(null, Object(Config\Cache), false)
 4 SYSTEMPATH/Boot.php(325): CodeIgniter\CodeIgniter->run()
 5 SYSTEMPATH/Boot.php(67): CodeIgniter\Boot::runCodeIgniter(Object(CodeIgniter\CodeIgniter))
 6 FCPATH/index.php(55): CodeIgniter\Boot::bootWeb(Object(Config\Paths))
INFO - 2024-10-21 22:22:04 --> Session: Class initialized using 'CodeIgniter\Session\Handlers\FileHandler' driver.
WARNING - 2024-10-21 22:22:04 --> [DEPRECATED] Creation of dynamic property App\Controllers\BackendController::$Auth is deprecated in APPPATH/Controllers/BackendController.php on line 18.
 1 SYSTEMPATH/CodeIgniter.php(903): App\Controllers\BackendController->__construct()
 2 SYSTEMPATH/CodeIgniter.php(500): CodeIgniter\CodeIgniter->createController()
 3 SYSTEMPATH/CodeIgniter.php(355): CodeIgniter\CodeIgniter->handleRequest(null, Object(Config\Cache), false)
 4 SYSTEMPATH/Boot.php(325): CodeIgniter\CodeIgniter->run()
 5 SYSTEMPATH/Boot.php(67): CodeIgniter\Boot::runCodeIgniter(Object(CodeIgniter\CodeIgniter))
 6 FCPATH/index.php(55): CodeIgniter\Boot::bootWeb(Object(Config\Paths))
INFO - 2024-10-21 22:22:07 --> Session: Class initialized using 'CodeIgniter\Session\Handlers\FileHandler' driver.
WARNING - 2024-10-21 22:22:07 --> [DEPRECATED] Creation of dynamic property App\Controllers\BackendController::$Auth is deprecated in APPPATH/Controllers/BackendController.php on line 18.
 1 SYSTEMPATH/CodeIgniter.php(903): App\Controllers\BackendController->__construct()
 2 SYSTEMPATH/CodeIgniter.php(500): CodeIgniter\CodeIgniter->createController()
 3 SYSTEMPATH/CodeIgniter.php(355): CodeIgniter\CodeIgniter->handleRequest(null, Object(Config\Cache), false)
 4 SYSTEMPATH/Boot.php(325): CodeIgniter\CodeIgniter->run()
 5 SYSTEMPATH/Boot.php(67): CodeIgniter\Boot::runCodeIgniter(Object(CodeIgniter\CodeIgniter))
 6 FCPATH/index.php(55): CodeIgniter\Boot::bootWeb(Object(Config\Paths))
INFO - 2024-10-21 22:22:48 --> Session: Class initialized using 'CodeIgniter\Session\Handlers\FileHandler' driver.
WARNING - 2024-10-21 22:22:49 --> [DEPRECATED] Creation of dynamic property App\Controllers\BackendController::$Auth is deprecated in APPPATH/Controllers/BackendController.php on line 18.
 1 SYSTEMPATH/CodeIgniter.php(903): App\Controllers\BackendController->__construct()
 2 SYSTEMPATH/CodeIgniter.php(500): CodeIgniter\CodeIgniter->createController()
 3 SYSTEMPATH/CodeIgniter.php(355): CodeIgniter\CodeIgniter->handleRequest(null, Object(Config\Cache), false)
 4 SYSTEMPATH/Boot.php(325): CodeIgniter\CodeIgniter->run()
 5 SYSTEMPATH/Boot.php(67): CodeIgniter\Boot::runCodeIgniter(Object(CodeIgniter\CodeIgniter))
 6 FCPATH/index.php(55): CodeIgniter\Boot::bootWeb(Object(Config\Paths))
INFO - 2024-10-21 22:22:58 --> Session: Class initialized using 'CodeIgniter\Session\Handlers\FileHandler' driver.
WARNING - 2024-10-21 22:22:58 --> [DEPRECATED] Creation of dynamic property App\Controllers\BackendController::$Auth is deprecated in APPPATH/Controllers/BackendController.php on line 18.
 1 SYSTEMPATH/CodeIgniter.php(903): App\Controllers\BackendController->__construct()
 2 SYSTEMPATH/CodeIgniter.php(500): CodeIgniter\CodeIgniter->createController()
 3 SYSTEMPATH/CodeIgniter.php(355): CodeIgniter\CodeIgniter->handleRequest(null, Object(Config\Cache), false)
 4 SYSTEMPATH/Boot.php(325): CodeIgniter\CodeIgniter->run()
 5 SYSTEMPATH/Boot.php(67): CodeIgniter\Boot::runCodeIgniter(Object(CodeIgniter\CodeIgniter))
 6 FCPATH/index.php(55): CodeIgniter\Boot::bootWeb(Object(Config\Paths))
INFO - 2024-10-21 22:23:09 --> Session: Class initialized using 'CodeIgniter\Session\Handlers\FileHandler' driver.
WARNING - 2024-10-21 22:23:09 --> [DEPRECATED] Creation of dynamic property App\Controllers\BackendController::$Auth is deprecated in APPPATH/Controllers/BackendController.php on line 18.
 1 SYSTEMPATH/CodeIgniter.php(903): App\Controllers\BackendController->__construct()
 2 SYSTEMPATH/CodeIgniter.php(500): CodeIgniter\CodeIgniter->createController()
 3 SYSTEMPATH/CodeIgniter.php(355): CodeIgniter\CodeIgniter->handleRequest(null, Object(Config\Cache), false)
 4 SYSTEMPATH/Boot.php(325): CodeIgniter\CodeIgniter->run()
 5 SYSTEMPATH/Boot.php(67): CodeIgniter\Boot::runCodeIgniter(Object(CodeIgniter\CodeIgniter))
 6 FCPATH/index.php(55): CodeIgniter\Boot::bootWeb(Object(Config\Paths))
INFO - 2024-10-21 22:23:16 --> Session: Class initialized using 'CodeIgniter\Session\Handlers\FileHandler' driver.
WARNING - 2024-10-21 22:23:17 --> [DEPRECATED] Creation of dynamic property App\Controllers\BackendController::$Auth is deprecated in APPPATH/Controllers/BackendController.php on line 18.
 1 SYSTEMPATH/CodeIgniter.php(903): App\Controllers\BackendController->__construct()
 2 SYSTEMPATH/CodeIgniter.php(500): CodeIgniter\CodeIgniter->createController()
 3 SYSTEMPATH/CodeIgniter.php(355): CodeIgniter\CodeIgniter->handleRequest(null, Object(Config\Cache), false)
 4 SYSTEMPATH/Boot.php(325): CodeIgniter\CodeIgniter->run()
 5 SYSTEMPATH/Boot.php(67): CodeIgniter\Boot::runCodeIgniter(Object(CodeIgniter\CodeIgniter))
 6 FCPATH/index.php(55): CodeIgniter\Boot::bootWeb(Object(Config\Paths))
INFO - 2024-10-21 22:23:47 --> Session: Class initialized using 'CodeIgniter\Session\Handlers\FileHandler' driver.
WARNING - 2024-10-21 22:23:47 --> [DEPRECATED] Creation of dynamic property App\Controllers\BackendController::$Auth is deprecated in APPPATH/Controllers/BackendController.php on line 18.
 1 SYSTEMPATH/CodeIgniter.php(903): App\Controllers\BackendController->__construct()
 2 SYSTEMPATH/CodeIgniter.php(500): CodeIgniter\CodeIgniter->createController()
 3 SYSTEMPATH/CodeIgniter.php(355): CodeIgniter\CodeIgniter->handleRequest(null, Object(Config\Cache), false)
 4 SYSTEMPATH/Boot.php(325): CodeIgniter\CodeIgniter->run()
 5 SYSTEMPATH/Boot.php(67): CodeIgniter\Boot::runCodeIgniter(Object(CodeIgniter\CodeIgniter))
 6 FCPATH/index.php(55): CodeIgniter\Boot::bootWeb(Object(Config\Paths))
INFO - 2024-10-21 22:24:34 --> Session: Class initialized using 'CodeIgniter\Session\Handlers\FileHandler' driver.
WARNING - 2024-10-21 22:24:34 --> [DEPRECATED] Creation of dynamic property App\Controllers\BackendController::$Auth is deprecated in APPPATH/Controllers/BackendController.php on line 18.
 1 SYSTEMPATH/CodeIgniter.php(903): App\Controllers\BackendController->__construct()
 2 SYSTEMPATH/CodeIgniter.php(500): CodeIgniter\CodeIgniter->createController()
 3 SYSTEMPATH/CodeIgniter.php(355): CodeIgniter\CodeIgniter->handleRequest(null, Object(Config\Cache), false)
 4 SYSTEMPATH/Boot.php(325): CodeIgniter\CodeIgniter->run()
 5 SYSTEMPATH/Boot.php(67): CodeIgniter\Boot::runCodeIgniter(Object(CodeIgniter\CodeIgniter))
 6 FCPATH/index.php(55): CodeIgniter\Boot::bootWeb(Object(Config\Paths))
INFO - 2024-10-21 22:24:51 --> Session: Class initialized using 'CodeIgniter\Session\Handlers\FileHandler' driver.
WARNING - 2024-10-21 22:24:51 --> [DEPRECATED] Creation of dynamic property App\Controllers\BackendController::$Auth is deprecated in APPPATH/Controllers/BackendController.php on line 18.
 1 SYSTEMPATH/CodeIgniter.php(903): App\Controllers\BackendController->__construct()
 2 SYSTEMPATH/CodeIgniter.php(500): CodeIgniter\CodeIgniter->createController()
 3 SYSTEMPATH/CodeIgniter.php(355): CodeIgniter\CodeIgniter->handleRequest(null, Object(Config\Cache), false)
 4 SYSTEMPATH/Boot.php(325): CodeIgniter\CodeIgniter->run()
 5 SYSTEMPATH/Boot.php(67): CodeIgniter\Boot::runCodeIgniter(Object(CodeIgniter\CodeIgniter))
 6 FCPATH/index.php(55): CodeIgniter\Boot::bootWeb(Object(Config\Paths))
INFO - 2024-10-21 22:25:03 --> Session: Class initialized using 'CodeIgniter\Session\Handlers\FileHandler' driver.
WARNING - 2024-10-21 22:25:03 --> [DEPRECATED] Creation of dynamic property App\Controllers\BackendController::$Auth is deprecated in APPPATH/Controllers/BackendController.php on line 18.
 1 SYSTEMPATH/CodeIgniter.php(903): App\Controllers\BackendController->__construct()
 2 SYSTEMPATH/CodeIgniter.php(500): CodeIgniter\CodeIgniter->createController()
 3 SYSTEMPATH/CodeIgniter.php(355): CodeIgniter\CodeIgniter->handleRequest(null, Object(Config\Cache), false)
 4 SYSTEMPATH/Boot.php(325): CodeIgniter\CodeIgniter->run()
 5 SYSTEMPATH/Boot.php(67): CodeIgniter\Boot::runCodeIgniter(Object(CodeIgniter\CodeIgniter))
 6 FCPATH/index.php(55): CodeIgniter\Boot::bootWeb(Object(Config\Paths))
INFO - 2024-10-21 22:53:50 --> Session: Class initialized using 'CodeIgniter\Session\Handlers\FileHandler' driver.
WARNING - 2024-10-21 22:53:51 --> [DEPRECATED] Creation of dynamic property App\Controllers\BackendController::$Auth is deprecated in APPPATH/Controllers/BackendController.php on line 18.
 1 SYSTEMPATH/CodeIgniter.php(903): App\Controllers\BackendController->__construct()
 2 SYSTEMPATH/CodeIgniter.php(500): CodeIgniter\CodeIgniter->createController()
 3 SYSTEMPATH/CodeIgniter.php(355): CodeIgniter\CodeIgniter->handleRequest(null, Object(Config\Cache), false)
 4 SYSTEMPATH/Boot.php(325): CodeIgniter\CodeIgniter->run()
 5 SYSTEMPATH/Boot.php(67): CodeIgniter\Boot::runCodeIgniter(Object(CodeIgniter\CodeIgniter))
 6 FCPATH/index.php(55): CodeIgniter\Boot::bootWeb(Object(Config\Paths))
INFO - 2024-10-21 22:54:13 --> Session: Class initialized using 'CodeIgniter\Session\Handlers\FileHandler' driver.
WARNING - 2024-10-21 22:54:13 --> [DEPRECATED] Creation of dynamic property App\Controllers\BackendController::$Auth is deprecated in APPPATH/Controllers/BackendController.php on line 18.
 1 SYSTEMPATH/CodeIgniter.php(903): App\Controllers\BackendController->__construct()
 2 SYSTEMPATH/CodeIgniter.php(500): CodeIgniter\CodeIgniter->createController()
 3 SYSTEMPATH/CodeIgniter.php(355): CodeIgniter\CodeIgniter->handleRequest(null, Object(Config\Cache), false)
 4 SYSTEMPATH/Boot.php(325): CodeIgniter\CodeIgniter->run()
 5 SYSTEMPATH/Boot.php(67): CodeIgniter\Boot::runCodeIgniter(Object(CodeIgniter\CodeIgniter))
 6 FCPATH/index.php(55): CodeIgniter\Boot::bootWeb(Object(Config\Paths))
INFO - 2024-10-21 22:55:27 --> Session: Class initialized using 'CodeIgniter\Session\Handlers\FileHandler' driver.
WARNING - 2024-10-21 22:55:27 --> [DEPRECATED] Creation of dynamic property App\Controllers\BackendController::$Auth is deprecated in APPPATH/Controllers/BackendController.php on line 18.
 1 SYSTEMPATH/CodeIgniter.php(903): App\Controllers\BackendController->__construct()
 2 SYSTEMPATH/CodeIgniter.php(500): CodeIgniter\CodeIgniter->createController()
 3 SYSTEMPATH/CodeIgniter.php(355): CodeIgniter\CodeIgniter->handleRequest(null, Object(Config\Cache), false)
 4 SYSTEMPATH/Boot.php(325): CodeIgniter\CodeIgniter->run()
 5 SYSTEMPATH/Boot.php(67): CodeIgniter\Boot::runCodeIgniter(Object(CodeIgniter\CodeIgniter))
 6 FCPATH/index.php(55): CodeIgniter\Boot::bootWeb(Object(Config\Paths))
INFO - 2024-10-21 22:55:31 --> Session: Class initialized using 'CodeIgniter\Session\Handlers\FileHandler' driver.
WARNING - 2024-10-21 22:55:31 --> [DEPRECATED] Creation of dynamic property App\Controllers\BackendController::$Auth is deprecated in APPPATH/Controllers/BackendController.php on line 18.
 1 SYSTEMPATH/CodeIgniter.php(903): App\Controllers\BackendController->__construct()
 2 SYSTEMPATH/CodeIgniter.php(500): CodeIgniter\CodeIgniter->createController()
 3 SYSTEMPATH/CodeIgniter.php(355): CodeIgniter\CodeIgniter->handleRequest(null, Object(Config\Cache), false)
 4 SYSTEMPATH/Boot.php(325): CodeIgniter\CodeIgniter->run()
 5 SYSTEMPATH/Boot.php(67): CodeIgniter\Boot::runCodeIgniter(Object(CodeIgniter\CodeIgniter))
 6 FCPATH/index.php(55): CodeIgniter\Boot::bootWeb(Object(Config\Paths))
INFO - 2024-10-21 23:01:00 --> Session: Class initialized using 'CodeIgniter\Session\Handlers\FileHandler' driver.
WARNING - 2024-10-21 23:01:00 --> [DEPRECATED] Creation of dynamic property App\Controllers\BackendController::$Auth is deprecated in APPPATH/Controllers/BackendController.php on line 18.
 1 SYSTEMPATH/CodeIgniter.php(903): App\Controllers\BackendController->__construct()
 2 SYSTEMPATH/CodeIgniter.php(500): CodeIgniter\CodeIgniter->createController()
 3 SYSTEMPATH/CodeIgniter.php(355): CodeIgniter\CodeIgniter->handleRequest(null, Object(Config\Cache), false)
 4 SYSTEMPATH/Boot.php(325): CodeIgniter\CodeIgniter->run()
 5 SYSTEMPATH/Boot.php(67): CodeIgniter\Boot::runCodeIgniter(Object(CodeIgniter\CodeIgniter))
 6 FCPATH/index.php(55): CodeIgniter\Boot::bootWeb(Object(Config\Paths))
